<?xml version="1.0" encoding="UTF-8"?>
<testng-results skipped="0" failed="0" total="1" passed="1">
  <reporter-output>
  </reporter-output>
  <suite name="Suite" duration-ms="10236" started-at="2019-03-27T06:50:06Z" finished-at="2019-03-27T06:50:17Z">
    <groups>
    </groups>
    <test name="Test" duration-ms="10236" started-at="2019-03-27T06:50:06Z" finished-at="2019-03-27T06:50:17Z">
      <class name="com.mytest.JenekinsTest">
        <test-method status="PASS" signature="sampleTest()[pri:0, instance:com.mytest.JenekinsTest@4f933fd1]" name="sampleTest" duration-ms="10224" started-at="2019-03-27T12:20:06Z" finished-at="2019-03-27T12:20:17Z">
          <reporter-output>
          </reporter-output>
        </test-method> <!-- sampleTest -->
      </class> <!-- com.mytest.JenekinsTest -->
    </test> <!-- Test -->
  </suite> <!-- Suite -->
</testng-results>
